2025-09-07 17:31:48.541 WARNING (SyncWorker_0) [homeassistant.loader] We found a custom integration ble_monitor which has not been tested by Home Assistant. This component might cause stability problems, be sure to disable it if you experience issues with Home Assistant
2025-09-07 17:31:48.546 WARNING (SyncWorker_0) [homeassistant.loader] We found a custom integration hpprinter which has not been tested by Home Assistant. This component might cause stability problems, be sure to disable it if you experience issues with Home Assistant
2025-09-07 17:31:48.549 WARNING (SyncWorker_0) [homeassistant.loader] We found a custom integration battery_notes which has not been tested by Home Assistant. This component might cause stability problems, be sure to disable it if you experience issues with Home Assistant
2025-09-07 17:31:48.553 WARNING (SyncWorker_0) [homeassistant.loader] We found a custom integration dwains_dashboard which has not been tested by Home Assistant. This component might cause stability problems, be sure to disable it if you experience issues with Home Assistant
2025-09-07 17:31:48.557 WARNING (SyncWorker_0) [homeassistant.loader] We found a custom integration icloud3 which has not been tested by Home Assistant. This component might cause stability problems, be sure to disable it if you experience issues with Home Assistant
2025-09-07 17:31:48.561 WARNING (SyncWorker_0) [homeassistant.loader] We found a custom integration samsungtv_tizen which has not been tested by Home Assistant. This component might cause stability problems, be sure to disable it if you experience issues with Home Assistant
2025-09-07 17:31:48.564 WARNING (SyncWorker_0) [homeassistant.loader] We found a custom integration hacs which has not been tested by Home Assistant. This component might cause stability problems, be sure to disable it if you experience issues with Home Assistant
2025-09-07 17:32:05.765 ERROR (MainThread) [homeassistant.components.websocket_api.http.connection] [548105922144] Error handling message: Unknown error (unknown_error) Andreas from 192.168.178.25 (Home Assistant/2025.7.2 (io.robbie.HomeAssistant; build:2025.1356; macOS 26.0.0))
Traceback (most recent call last):
  File "/usr/src/homeassistant/homeassistant/components/websocket_api/decorators.py", line 28, in _handle_async_response
    await func(hass, connection, msg)
  File "/usr/src/homeassistant/homeassistant/components/assist_pipeline/websocket_api.py", line 246, in websocket_run
    await pipeline_input.validate()
  File "/usr/src/homeassistant/homeassistant/components/assist_pipeline/pipeline.py", line 1690, in validate
    raise PipelineRunValidationError(
        "the pipeline does not support speech-to-text"
    )
homeassistant.components.assist_pipeline.pipeline.PipelineRunValidationError: the pipeline does not support speech-to-text
2025-09-07 17:32:16.624 WARNING (MainThread) [homeassistant.util.loop] Detected blocking call to open with args ('/root/.netrc',) inside the event loop by integration 'google_generative_ai_conversation' at homeassistant/components/google_generative_ai_conversation/__init__.py, line 165: await client.aio.models.get( (offender: /usr/local/lib/python3.13/netrc.py, line 87: with open(file, encoding="utf-8") as fp:), please create a bug report at https://github.com/home-assistant/core/issues?q=is%3Aopen+is%3Aissue+label%3A%22integration%3A+google_generative_ai_conversation%22
For developers, please see https://developers.home-assistant.io/docs/asyncio_blocking_operations/#open
Traceback (most recent call last):
  File "<frozen runpy>", line 198, in _run_module_as_main
  File "<frozen runpy>", line 88, in _run_code
  File "/usr/src/homeassistant/homeassistant/__main__.py", line 223, in <module>
    sys.exit(main())
  File "/usr/src/homeassistant/homeassistant/__main__.py", line 209, in main
    exit_code = runner.run(runtime_conf)
  File "/usr/src/homeassistant/homeassistant/runner.py", line 156, in run
    return loop.run_until_complete(setup_and_run_hass(runtime_config))
  File "/usr/local/lib/python3.13/asyncio/base_events.py", line 712, in run_until_complete
    self.run_forever()
  File "/usr/local/lib/python3.13/asyncio/base_events.py", line 683, in run_forever
    self._run_once()
  File "/usr/local/lib/python3.13/asyncio/base_events.py", line 2050, in _run_once
    handle._run()
  File "/usr/local/lib/python3.13/asyncio/events.py", line 89, in _run
    self._context.run(self._callback, *self._args)
  File "/usr/src/homeassistant/homeassistant/config_entries.py", line 896, in async_setup_locked
    await self.async_setup(hass, integration=integration)
  File "/usr/src/homeassistant/homeassistant/config_entries.py", line 662, in async_setup
    await self.__async_setup_with_context(hass, integration)
  File "/usr/src/homeassistant/homeassistant/config_entries.py", line 751, in __async_setup_with_context
    result = await component.async_setup_entry(hass, self)
  File "/usr/src/homeassistant/homeassistant/components/google_generative_ai_conversation/__init__.py", line 165, in async_setup_entry
    await client.aio.models.get(

2025-09-07 17:32:33.342 ERROR (MainThread) [homeassistant.components.automation] Automation with alias 'Büro stuhl' failed to setup triggers and has been disabled: Unknown device 'f1807743c4caaaa9ec445d6300421997'
2025-09-07 17:32:33.343 ERROR (MainThread) [homeassistant.components.automation] Automation with alias 'Sitzsensor Leer Licht an' failed to setup triggers and has been disabled: Unknown device '412d5f8c61b11b71ef8d08e500361ba4'
2025-09-07 17:32:33.349 ERROR (MainThread) [homeassistant.components.automation] Automation with alias 'Sitzsensor test 01.08' failed to setup triggers and has been disabled: Unknown device '412d5f8c61b11b71ef8d08e500361ba4'
2025-09-07 17:32:38.264 ERROR (MainThread) [homeassistant.components.automation] Automation with alias 'Schreibtisch Zustand umschalten' failed to setup triggers and has been disabled: Unknown device '412d5f8c61b11b71ef8d08e500361ba4'
2025-09-07 17:32:42.768 ERROR (MainThread) [homeassistant.components.homekit] HomeKit Camera Hub G2H 38A4 Camera Stream Management0 cannot startup: entity not available: {'exclude_domains': [], 'exclude_entities': [], 'include_domains': [], 'include_entities': ['camera.camera_hub_g2h_38a4_camera_stream_management0'], 'include_entity_globs': [], 'exclude_entity_globs': []}
2025-09-07 17:32:45.431 ERROR (MainThread) [homeassistant.components.homekit.util] media_player.xbox does not support any media_player features
2025-09-07 17:32:45.542 WARNING (MainThread) [homeassistant.components.homekit] Cannot add automation.schublade_zu as this would exceed the 150 device limit. Consider using the filter option
2025-09-07 17:32:45.542 WARNING (MainThread) [homeassistant.components.homekit] Cannot add automation.badezimmer_licht_bei_bewegung as this would exceed the 150 device limit. Consider using the filter option
2025-09-07 17:32:45.542 WARNING (MainThread) [homeassistant.components.homekit] Cannot add automation.appliance_has_finished as this would exceed the 150 device limit. Consider using the filter option
2025-09-07 17:32:45.542 WARNING (MainThread) [homeassistant.components.homekit] Cannot add automation.atv_test as this would exceed the 150 device limit. Consider using the filter option
2025-09-07 17:32:45.543 WARNING (MainThread) [homeassistant.components.homekit] Cannot add automation.low_battery_level_detection_notification_for_all_battery_sensors as this would exceed the 150 device limit. Consider using the filter option
2025-09-07 17:32:45.543 WARNING (MainThread) [homeassistant.components.homekit] Cannot add automation.kontaktsensor_test as this would exceed the 150 device limit. Consider using the filter option
2025-09-07 17:32:45.543 WARNING (MainThread) [homeassistant.components.homekit] Cannot add automation.kontaktsensor_aus as this would exceed the 150 device limit. Consider using the filter option
2025-09-07 17:32:45.543 WARNING (MainThread) [homeassistant.components.homekit] Cannot add automation.neue_automation_atv_kuche as this would exceed the 150 device limit. Consider using the filter option
2025-09-07 17:32:45.543 WARNING (MainThread) [homeassistant.components.homekit] Cannot add automation.appel_tv_play_licht_aus as this would exceed the 150 device limit. Consider using the filter option
2025-09-07 17:32:45.543 WARNING (MainThread) [homeassistant.components.homekit] Cannot add automation.ate_play_dan_licht_aus as this would exceed the 150 device limit. Consider using the filter option
2025-09-07 17:32:45.543 WARNING (MainThread) [homeassistant.components.homekit] Cannot add automation.atv_aus_alles_aus as this would exceed the 150 device limit. Consider using the filter option
2025-09-07 17:32:45.544 WARNING (MainThread) [homeassistant.components.homekit] Cannot add automation.atv_buro_aus_warten_licht_aus as this would exceed the 150 device limit. Consider using the filter option
2025-09-07 17:32:45.544 WARNING (MainThread) [homeassistant.components.homekit] Cannot add automation.couch_sensor as this would exceed the 150 device limit. Consider using the filter option
2025-09-07 17:32:45.544 WARNING (MainThread) [homeassistant.components.homekit] Cannot add automation.couch_sensor_ein as this would exceed the 150 device limit. Consider using the filter option
2025-09-07 17:32:45.544 WARNING (MainThread) [homeassistant.components.homekit] Cannot add automation.schlafzimmer_luften as this would exceed the 150 device limit. Consider using the filter option
2025-09-07 17:32:45.544 WARNING (MainThread) [homeassistant.components.homekit] Cannot add automation.spulmaschine as this would exceed the 150 device limit. Consider using the filter option
2025-09-07 17:32:45.544 WARNING (MainThread) [homeassistant.components.homekit] Cannot add automation.sitzsonor as this would exceed the 150 device limit. Consider using the filter option
2025-09-07 17:32:45.544 WARNING (MainThread) [homeassistant.components.homekit] Cannot add automation.neue_automation_2 as this would exceed the 150 device limit. Consider using the filter option
2025-09-07 17:32:45.545 WARNING (MainThread) [homeassistant.components.homekit] Cannot add automation.sitzsenor_an_aus as this would exceed the 150 device limit. Consider using the filter option
2025-09-07 17:32:45.545 WARNING (MainThread) [homeassistant.components.homekit] Cannot add automation.licht_nach_10_minuten_ausschalten as this would exceed the 150 device limit. Consider using the filter option
2025-09-07 17:32:45.545 WARNING (MainThread) [homeassistant.components.homekit] Cannot add automation.plus1pm_licht_nach_10_minuten_ausschalten as this would exceed the 150 device limit. Consider using the filter option
2025-09-07 17:32:45.545 WARNING (MainThread) [homeassistant.components.homekit] Cannot add automation.tag_test_wird_gescannt as this would exceed the 150 device limit. Consider using the filter option
2025-09-07 17:32:45.545 WARNING (MainThread) [homeassistant.components.homekit] Cannot add automation.sitzsensor_test as this would exceed the 150 device limit. Consider using the filter option
2025-09-07 17:32:45.545 WARNING (MainThread) [homeassistant.components.homekit] Cannot add automation.dimmer_01_taste_01 as this would exceed the 150 device limit. Consider using the filter option
2025-09-07 17:32:45.545 WARNING (MainThread) [homeassistant.components.homekit] Cannot add automation.dimmer_03_aus_taste as this would exceed the 150 device limit. Consider using the filter option
2025-09-07 17:32:45.545 WARNING (MainThread) [homeassistant.components.homekit] Cannot add automation.dimmer_03_longpress_of as this would exceed the 150 device limit. Consider using the filter option
2025-09-07 17:32:45.546 WARNING (MainThread) [homeassistant.components.homekit] Cannot add automation.dimmer_longpress_erste_taste as this would exceed the 150 device limit. Consider using the filter option
2025-09-07 17:32:45.546 WARNING (MainThread) [homeassistant.components.homekit] Cannot add automation.sensor_light as this would exceed the 150 device limit. Consider using the filter option
2025-09-07 17:32:45.546 WARNING (MainThread) [homeassistant.components.homekit] Cannot add automation.neue_automation as this would exceed the 150 device limit. Consider using the filter option
2025-09-07 17:32:45.546 WARNING (MainThread) [homeassistant.components.homekit] Cannot add automation.dimmer_01_aus as this would exceed the 150 device limit. Consider using the filter option
2025-09-07 17:32:45.546 WARNING (MainThread) [homeassistant.components.homekit] Cannot add automation.schreibtisch_zustand_umschalten as this would exceed the 150 device limit. Consider using the filter option
2025-09-07 17:32:45.547 WARNING (MainThread) [homeassistant.components.homekit] Cannot add automation.tag_tag_45c8dcff_c479_4542_9871_93dfabd3a155_wird_gescannt as this would exceed the 150 device limit. Consider using the filter option
2025-09-07 17:32:45.547 WARNING (MainThread) [homeassistant.components.homekit] Cannot add automation.tag_wandlampe_wird_gescannt as this would exceed the 150 device limit. Consider using the filter option
2025-09-07 17:32:45.547 WARNING (MainThread) [homeassistant.components.homekit] Cannot add automation.tag_wandlampe_wird_gescannt_2 as this would exceed the 150 device limit. Consider using the filter option
2025-09-07 17:32:45.547 WARNING (MainThread) [homeassistant.components.homekit] Cannot add automation.monitor_an_aus as this would exceed the 150 device limit. Consider using the filter option
2025-09-07 17:32:45.547 WARNING (MainThread) [homeassistant.components.homekit] Cannot add automation.monitor_an_aus_2 as this would exceed the 150 device limit. Consider using the filter option
2025-09-07 17:32:45.547 WARNING (MainThread) [homeassistant.components.homekit] Cannot add automation.monitor_aus as this would exceed the 150 device limit. Consider using the filter option
2025-09-07 17:32:45.547 WARNING (MainThread) [homeassistant.components.homekit] Cannot add automation.monitor_sync as this would exceed the 150 device limit. Consider using the filter option
2025-09-07 17:32:45.548 WARNING (MainThread) [homeassistant.components.homekit] Cannot add automation.g8_m4_aus as this would exceed the 150 device limit. Consider using the filter option
2025-09-07 17:32:45.548 WARNING (MainThread) [homeassistant.components.homekit] Cannot add automation.buro_luften_erinnerung as this would exceed the 150 device limit. Consider using the filter option
2025-09-07 17:32:45.548 WARNING (MainThread) [homeassistant.components.homekit] Cannot add automation.licht_aus_fernbedienung_spat as this would exceed the 150 device limit. Consider using the filter option
2025-09-07 17:32:45.548 WARNING (MainThread) [homeassistant.components.homekit] Cannot add automation.buro_fenster_licht as this would exceed the 150 device limit. Consider using the filter option
2025-09-07 17:32:45.548 WARNING (MainThread) [homeassistant.components.homekit] Cannot add automation.licht_umschalten_fenster_nacht as this would exceed the 150 device limit. Consider using the filter option
2025-09-07 17:32:45.548 WARNING (MainThread) [homeassistant.components.homekit] Cannot add automation.lichtsteuerung_buro_fenster as this would exceed the 150 device limit. Consider using the filter option
2025-09-07 17:32:45.548 WARNING (MainThread) [homeassistant.components.homekit] Cannot add automation.appliance_notifications_actions_test as this would exceed the 150 device limit. Consider using the filter option
2025-09-07 17:32:45.548 WARNING (MainThread) [homeassistant.components.homekit] Cannot add automation.balkon_ture_luften_erinnerung as this would exceed the 150 device limit. Consider using the filter option
2025-09-07 17:32:45.549 WARNING (MainThread) [homeassistant.components.homekit] Cannot add automation.turkontakt_licht_an_nachts_2 as this would exceed the 150 device limit. Consider using the filter option
2025-09-07 17:32:45.549 WARNING (MainThread) [homeassistant.components.homekit] Cannot add automation.turkontakt_licht_an_nachts_3 as this would exceed the 150 device limit. Consider using the filter option
2025-09-07 17:32:45.549 WARNING (MainThread) [homeassistant.components.homekit] Cannot add automation.balkonlicht_bei_turkontakt as this would exceed the 150 device limit. Consider using the filter option
2025-09-07 17:32:45.549 WARNING (MainThread) [homeassistant.components.homekit] Cannot add automation.niedriger_batteriestand_benachrichtigung as this would exceed the 150 device limit. Consider using the filter option
2025-09-07 17:32:45.549 WARNING (MainThread) [homeassistant.components.homekit] Cannot add sensor.nuki_1f26aa8c_geschatzte_entfernung as this would exceed the 150 device limit. Consider using the filter option
2025-09-07 17:32:45.549 WARNING (MainThread) [homeassistant.components.homekit] Cannot add media_player.sonos_tisch as this would exceed the 150 device limit. Consider using the filter option
2025-09-07 17:32:45.549 WARNING (MainThread) [homeassistant.components.homekit] Cannot add media_player.wohnzimmer as this would exceed the 150 device limit. Consider using the filter option
2025-09-07 17:32:45.550 WARNING (MainThread) [homeassistant.components.homekit] Cannot add sensor.philips_sonicare_fca6_geschatzte_entfernung as this would exceed the 150 device limit. Consider using the filter option
2025-09-07 17:32:45.550 WARNING (MainThread) [homeassistant.components.homekit] Cannot add sensor.philips_sonicare_1d97_geschatzte_entfernung as this would exceed the 150 device limit. Consider using the filter option
2025-09-07 17:32:45.550 WARNING (MainThread) [homeassistant.components.homekit] Cannot add sensor.philips_sonicare_1d97_hersteller as this would exceed the 150 device limit. Consider using the filter option
2025-09-07 17:32:45.550 WARNING (MainThread) [homeassistant.components.homekit] Cannot add sensor.sc74846c54d2453aac_7a90_geschatzte_entfernung as this would exceed the 150 device limit. Consider using the filter option
2025-09-07 17:32:45.550 WARNING (MainThread) [homeassistant.components.homekit] Cannot add sensor.sc6b960fdbbfc395fc_26c5_geschatzte_entfernung as this would exceed the 150 device limit. Consider using the filter option
2025-09-07 17:32:45.550 WARNING (MainThread) [homeassistant.components.homekit] Cannot add sensor.drive_one_b8dd_geschatzte_entfernung as this would exceed the 150 device limit. Consider using the filter option
2025-09-07 17:32:45.550 WARNING (MainThread) [homeassistant.components.homekit] Cannot add sensor.sb8ee1c98a94b544ac_7871_geschatzte_entfernung as this would exceed the 150 device limit. Consider using the filter option
2025-09-07 17:32:45.550 WARNING (MainThread) [homeassistant.components.homekit] Cannot add sensor.ooono_9f93_geschatzte_entfernung as this would exceed the 150 device limit. Consider using the filter option
2025-09-07 17:32:45.551 WARNING (MainThread) [homeassistant.components.homekit] Cannot add sensor.dp_2_1_tornx020471_c7b3_geschatzte_entfernung as this would exceed the 150 device limit. Consider using the filter option
2025-09-07 17:32:45.551 WARNING (MainThread) [homeassistant.components.homekit] Cannot add sensor.ooono_5264_geschatzte_entfernung as this would exceed the 150 device limit. Consider using the filter option
2025-09-07 17:32:45.551 WARNING (MainThread) [homeassistant.components.homekit] Cannot add sensor.ooono2_4889_geschatzte_entfernung as this would exceed the 150 device limit. Consider using the filter option
2025-09-07 17:32:45.551 WARNING (MainThread) [homeassistant.components.homekit] Cannot add sensor.ooono_9ede_geschatzte_entfernung as this would exceed the 150 device limit. Consider using the filter option
2025-09-07 17:32:45.551 WARNING (MainThread) [homeassistant.components.homekit] Cannot add sensor.ooono_37e6_geschatzte_entfernung as this would exceed the 150 device limit. Consider using the filter option
2025-09-07 17:32:47.762 ERROR (MainThread) [homeassistant.components.websocket_api.http.connection] [548105922144] Error handling message: Unknown error (unknown_error) Andreas from 192.168.178.25 (Home Assistant/2025.7.2 (io.robbie.HomeAssistant; build:2025.1356; macOS 26.0.0))
Traceback (most recent call last):
  File "/usr/src/homeassistant/homeassistant/components/websocket_api/decorators.py", line 28, in _handle_async_response
    await func(hass, connection, msg)
  File "/usr/src/homeassistant/homeassistant/components/assist_pipeline/websocket_api.py", line 246, in websocket_run
    await pipeline_input.validate()
  File "/usr/src/homeassistant/homeassistant/components/assist_pipeline/pipeline.py", line 1690, in validate
    raise PipelineRunValidationError(
        "the pipeline does not support speech-to-text"
    )
homeassistant.components.assist_pipeline.pipeline.PipelineRunValidationError: the pipeline does not support speech-to-text
2025-09-07 17:32:48.461 WARNING (MainThread) [zeroconf] Error with socket 21 (('::', 5353, 0, 0))): [Errno 90] Message too large
Traceback (most recent call last):
  File "/usr/local/lib/python3.13/asyncio/selector_events.py", line 1269, in sendto
    self._sock.sendto(data, addr)
    ~~~~~~~~~~~~~~~~~^^^^^^^^^^^^
OSError: [Errno 90] Message too large
2025-09-07 17:32:49.802 WARNING (MainThread) [aiohomekit.pdu] Transaction 51 failed with error 6 (Invalid request)
2025-09-07 17:32:49.989 WARNING (MainThread) [aiohomekit.pdu] Transaction 145 failed with error 6 (Invalid request)
2025-09-07 17:32:50.081 WARNING (MainThread) [aiohomekit.pdu] Transaction 203 failed with error 6 (Invalid request)
2025-09-07 17:33:12.847 WARNING (MainThread) [zeroconf] Error with socket 23 (('fda3:ca28:d9c0:0:5a01:a29a:3911:46ab', 5353, 0, 0))): [Errno 90] Message too large
Traceback (most recent call last):
  File "/usr/local/lib/python3.13/asyncio/selector_events.py", line 1269, in sendto
    self._sock.sendto(data, addr)
    ~~~~~~~~~~~~~~~~~^^^^^^^^^^^^
OSError: [Errno 90] Message too large
